[2019-06-13T22:47:25.401+0200] [glassfish 5.0] [WARN] [] [org.jboss.weld.Bootstrap] [tid: _ThreadID=17 _ThreadName=RunLevelControllerThread-1560458841510] [timeMillis: 1560458845401] [levelValue: 900] [[
  WELD-000146: BeforeBeanDiscovery.addAnnotatedType(AnnotatedType<?>) used for class org.glassfish.cdi.transaction.TransactionalInterceptorRequired is deprecated from CDI 1.1!]]

[2019-06-13T22:47:25.403+0200] [glassfish 5.0] [WARN] [] [org.jboss.weld.Bootstrap] [tid: _ThreadID=17 _ThreadName=RunLevelControllerThread-1560458841510] [timeMillis: 1560458845403] [levelValue: 900] [[
  WELD-000146: BeforeBeanDiscovery.addAnnotatedType(AnnotatedType<?>) used for class org.glassfish.cdi.transaction.TransactionalInterceptorRequiresNew is deprecated from CDI 1.1!]]

[2019-06-13T22:47:25.405+0200] [glassfish 5.0] [WARN] [] [org.jboss.weld.Bootstrap] [tid: _ThreadID=17 _ThreadName=RunLevelControllerThread-1560458841510] [timeMillis: 1560458845405] [levelValue: 900] [[
  WELD-000146: BeforeBeanDiscovery.addAnnotatedType(AnnotatedType<?>) used for class org.glassfish.cdi.transaction.TransactionalInterceptorSupports is deprecated from CDI 1.1!]]

[2019-06-13T22:47:25.407+0200] [glassfish 5.0] [WARN] [] [org.jboss.weld.Bootstrap] [tid: _ThreadID=17 _ThreadName=RunLevelControllerThread-1560458841510] [timeMillis: 1560458845407] [levelValue: 900] [[
  WELD-000146: BeforeBeanDiscovery.addAnnotatedType(AnnotatedType<?>) used for class org.glassfish.jersey.ext.cdi1x.transaction.internal.WebAppExceptionHolder is deprecated from CDI 1.1!]]

[2019-06-13T22:47:25.410+0200] [glassfish 5.0] [WARN] [] [org.jboss.weld.Bootstrap] [tid: _ThreadID=17 _ThreadName=RunLevelControllerThread-1560458841510] [timeMillis: 1560458845410] [levelValue: 900] [[
  WELD-000146: BeforeBeanDiscovery.addAnnotatedType(AnnotatedType<?>) used for class org.glassfish.jersey.ext.cdi1x.transaction.internal.WebAppExceptionInterceptor is deprecated from CDI 1.1!]]

[2019-06-13T22:47:25.412+0200] [glassfish 5.0] [WARN] [] [org.jboss.weld.Bootstrap] [tid: _ThreadID=17 _ThreadName=RunLevelControllerThread-1560458841510] [timeMillis: 1560458845412] [levelValue: 900] [[
  WELD-000146: BeforeBeanDiscovery.addAnnotatedType(AnnotatedType<?>) used for class org.glassfish.jersey.ext.cdi1x.transaction.internal.TransactionalExceptionMapper is deprecated from CDI 1.1!]]

[2019-06-13T22:47:25.424+0200] [glassfish 5.0] [WARN] [] [org.jboss.weld.Bootstrap] [tid: _ThreadID=17 _ThreadName=RunLevelControllerThread-1560458841510] [timeMillis: 1560458845424] [levelValue: 900] [[
  WELD-000146: BeforeBeanDiscovery.addAnnotatedType(AnnotatedType<?>) used for class com.sun.faces.flow.FlowDiscoveryCDIHelper is deprecated from CDI 1.1!]]

[2019-06-13T22:47:25.426+0200] [glassfish 5.0] [WARN] [] [org.jboss.weld.Bootstrap] [tid: _ThreadID=17 _ThreadName=RunLevelControllerThread-1560458841510] [timeMillis: 1560458845426] [levelValue: 900] [[
  WELD-000146: BeforeBeanDiscovery.addAnnotatedType(AnnotatedType<?>) used for class org.glassfish.jersey.ext.cdi1x.servlet.internal.CdiExternalRequestScope is deprecated from CDI 1.1!]]

[2019-06-13T22:47:26.230+0200] [glassfish 5.0] [INFO] [] [org.glassfish.soteria.servlet.SamRegistrationInstaller] [tid: _ThreadID=17 _ThreadName=RunLevelControllerThread-1560458841510] [timeMillis: 1560458846230] [levelValue: 800] [[
  Initializing Soteria 1.0 for context '/varv']]

[2019-06-13T22:47:26.292+0200] [glassfish 5.0] [INFO] [AS-WEB-GLUE-00172] [javax.enterprise.web] [tid: _ThreadID=17 _ThreadName=RunLevelControllerThread-1560458841510] [timeMillis: 1560458846292] [levelValue: 800] [[
  Loading application [varv] at [/varv]]]

[2019-06-13T22:47:26.294+0200] [glassfish 5.0] [INFO] [NCLS-CORE-00022] [javax.enterprise.system.core] [tid: _ThreadID=17 _ThreadName=RunLevelControllerThread-1560458841510] [timeMillis: 1560458846294] [levelValue: 800] [[
  Loading application varv done in 4,432 ms]]

[2019-06-13T22:47:26.294+0200] [glassfish 5.0] [INFO] [NCLS-CORE-00017] [javax.enterprise.system.core] [tid: _ThreadID=1 _ThreadName=main] [timeMillis: 1560458846294] [levelValue: 800] [[
  GlassFish Server Open Source Edition  5.0  (25) startup time : Felix (1,359ms), startup services(4,790ms), total(6,149ms)]]

[2019-06-13T22:47:26.412+0200] [glassfish 5.0] [INFO] [NCLS-BOOTSTRAP-00027] [javax.enterprise.bootstrap] [tid: _ThreadID=1 _ThreadName=main] [timeMillis: 1560458846412] [levelValue: 800] [[
  Registered com.sun.enterprise.glassfish.bootstrap.osgi.EmbeddedOSGiGlassFishImpl@319854f0 as OSGi service registration: org.apache.felix.framework.ServiceRegistrationImpl@22d1886d.]]

[2019-06-13T22:47:26.605+0200] [glassfish 5.0] [INFO] [NCLS-JMX-00005] [javax.enterprise.system.jmx] [tid: _ThreadID=77 _ThreadName=Thread-28] [timeMillis: 1560458846605] [levelValue: 800] [[
  JMXStartupService has started JMXConnector on JMXService URL service:jmx:rmi://douglas-ThinkPad-P52s:8686/jndi/rmi://douglas-ThinkPad-P52s:8686/jmxrmi]]

[2019-06-13T22:47:27.659+0200] [glassfish 5.0] [INFO] [] [javax.enterprise.system.tools.deployment.common] [tid: _ThreadID=46 _ThreadName=admin-listener(5)] [timeMillis: 1560458847659] [levelValue: 800] [[
  visiting unvisited references]]

[2019-06-13T22:47:27.760+0200] [glassfish 5.0] [INFO] [] [javax.enterprise.system.tools.deployment.common] [tid: _ThreadID=46 _ThreadName=admin-listener(5)] [timeMillis: 1560458847760] [levelValue: 800] [[
  visiting unvisited references]]

[2019-06-13T22:47:27.783+0200] [glassfish 5.0] [INFO] [] [javax.enterprise.system.tools.deployment.common] [tid: _ThreadID=46 _ThreadName=admin-listener(5)] [timeMillis: 1560458847783] [levelValue: 800] [[
  visiting unvisited references]]

[2019-06-13T22:47:27.795+0200] [glassfish 5.0] [INFO] [] [javax.enterprise.system.tools.deployment.common] [tid: _ThreadID=46 _ThreadName=admin-listener(5)] [timeMillis: 1560458847795] [levelValue: 800] [[
  visiting unvisited references]]

[2019-06-13T22:47:27.796+0200] [glassfish 5.0] [INFO] [] [javax.enterprise.system.tools.deployment.common] [tid: _ThreadID=46 _ThreadName=admin-listener(5)] [timeMillis: 1560458847796] [levelValue: 800] [[
  visiting unvisited references]]

[2019-06-13T22:47:27.797+0200] [glassfish 5.0] [INFO] [] [javax.enterprise.system.tools.deployment.common] [tid: _ThreadID=46 _ThreadName=admin-listener(5)] [timeMillis: 1560458847797] [levelValue: 800] [[
  visiting unvisited references]]

[2019-06-13T22:47:27.797+0200] [glassfish 5.0] [INFO] [] [javax.enterprise.system.tools.deployment.common] [tid: _ThreadID=46 _ThreadName=admin-listener(5)] [timeMillis: 1560458847797] [levelValue: 800] [[
  visiting unvisited references]]

[2019-06-13T22:47:27.798+0200] [glassfish 5.0] [INFO] [] [javax.enterprise.system.tools.deployment.common] [tid: _ThreadID=46 _ThreadName=admin-listener(5)] [timeMillis: 1560458847798] [levelValue: 800] [[
  visiting unvisited references]]

[2019-06-13T22:47:27.799+0200] [glassfish 5.0] [INFO] [] [javax.enterprise.system.tools.deployment.common] [tid: _ThreadID=46 _ThreadName=admin-listener(5)] [timeMillis: 1560458847799] [levelValue: 800] [[
  visiting unvisited references]]

[2019-06-13T22:47:27.800+0200] [glassfish 5.0] [INFO] [] [javax.enterprise.system.tools.deployment.common] [tid: _ThreadID=46 _ThreadName=admin-listener(5)] [timeMillis: 1560458847800] [levelValue: 800] [[
  visiting unvisited references]]

[2019-06-13T22:47:27.801+0200] [glassfish 5.0] [INFO] [] [javax.enterprise.system.tools.deployment.common] [tid: _ThreadID=46 _ThreadName=admin-listener(5)] [timeMillis: 1560458847801] [levelValue: 800] [[
  visiting unvisited references]]

[2019-06-13T22:47:27.802+0200] [glassfish 5.0] [INFO] [] [javax.enterprise.system.tools.deployment.common] [tid: _ThreadID=46 _ThreadName=admin-listener(5)] [timeMillis: 1560458847802] [levelValue: 800] [[
  visiting unvisited references]]

[2019-06-13T22:47:27.802+0200] [glassfish 5.0] [INFO] [] [javax.enterprise.system.tools.deployment.common] [tid: _ThreadID=46 _ThreadName=admin-listener(5)] [timeMillis: 1560458847802] [levelValue: 800] [[
  visiting unvisited references]]

[2019-06-13T22:47:27.802+0200] [glassfish 5.0] [INFO] [] [javax.enterprise.system.tools.deployment.common] [tid: _ThreadID=46 _ThreadName=admin-listener(5)] [timeMillis: 1560458847802] [levelValue: 800] [[
  visiting unvisited references]]

[2019-06-13T22:47:27.803+0200] [glassfish 5.0] [INFO] [] [javax.enterprise.system.tools.deployment.common] [tid: _ThreadID=46 _ThreadName=admin-listener(5)] [timeMillis: 1560458847803] [levelValue: 800] [[
  visiting unvisited references]]

[2019-06-13T22:47:27.803+0200] [glassfish 5.0] [INFO] [] [javax.enterprise.system.tools.deployment.common] [tid: _ThreadID=46 _ThreadName=admin-listener(5)] [timeMillis: 1560458847803] [levelValue: 800] [[
  visiting unvisited references]]

[2019-06-13T22:47:27.921+0200] [glassfish 5.0] [INFO] [] [org.eclipse.persistence.session./file:/home/douglas/varvet/IN1010_Software/Servers/glassfish5/glassfish/domains/domain1/applications/varv/WEB-INF/classes/_ramsoPU] [tid: _ThreadID=46 _ThreadName=admin-listener(5)] [timeMillis: 1560458847921] [levelValue: 800] [[
  EclipseLink, version: Eclipse Persistence Services - 2.7.0.v20170811-d680af5]]

[2019-06-13T22:47:28.026+0200] [glassfish 5.0] [INFO] [jdbc.unable_to_get_client_info] [javax.enterprise.resource.resourceadapter.com.sun.gjc.spi] [tid: _ThreadID=46 _ThreadName=admin-listener(5)] [timeMillis: 1560458848026] [levelValue: 800] [[
  RAR7114: Unable to get ClientInfo for connection ]]

[2019-06-13T22:47:28.031+0200] [glassfish 5.0] [INFO] [jdbc.unable_to_set_client_info] [javax.enterprise.resource.resourceadapter.com.sun.gjc.spi] [tid: _ThreadID=46 _ThreadName=admin-listener(5)] [timeMillis: 1560458848031] [levelValue: 800] [[
  RAR7115: Unable to set ClientInfo for connection]]

[2019-06-13T22:47:28.033+0200] [glassfish 5.0] [INFO] [] [org.eclipse.persistence.session./file:/home/douglas/varvet/IN1010_Software/Servers/glassfish5/glassfish/domains/domain1/applications/varv/WEB-INF/classes/_ramsoPU.connection] [tid: _ThreadID=46 _ThreadName=admin-listener(5)] [timeMillis: 1560458848033] [levelValue: 800] [[
  Not able to detect platform for vendor name [SQLite33.21.0]. Defaulting to [org.eclipse.persistence.platform.database.DatabasePlatform]. The database dialect used may not match with the database you are using. Please explicitly provide a platform using property "eclipselink.target-database".]]

[2019-06-13T22:47:28.040+0200] [glassfish 5.0] [INFO] [jdbc.unable_to_get_client_info] [javax.enterprise.resource.resourceadapter.com.sun.gjc.spi] [tid: _ThreadID=46 _ThreadName=admin-listener(5)] [timeMillis: 1560458848040] [levelValue: 800] [[
  RAR7114: Unable to get ClientInfo for connection ]]

[2019-06-13T22:47:28.040+0200] [glassfish 5.0] [INFO] [jdbc.unable_to_set_client_info] [javax.enterprise.resource.resourceadapter.com.sun.gjc.spi] [tid: _ThreadID=46 _ThreadName=admin-listener(5)] [timeMillis: 1560458848040] [levelValue: 800] [[
  RAR7115: Unable to set ClientInfo for connection]]

[2019-06-13T22:47:28.041+0200] [glassfish 5.0] [INFO] [jdbc.unable_to_get_client_info] [javax.enterprise.resource.resourceadapter.com.sun.gjc.spi] [tid: _ThreadID=46 _ThreadName=admin-listener(5)] [timeMillis: 1560458848041] [levelValue: 800] [[
  RAR7114: Unable to get ClientInfo for connection ]]

[2019-06-13T22:47:28.041+0200] [glassfish 5.0] [INFO] [jdbc.unable_to_set_client_info] [javax.enterprise.resource.resourceadapter.com.sun.gjc.spi] [tid: _ThreadID=46 _ThreadName=admin-listener(5)] [timeMillis: 1560458848041] [levelValue: 800] [[
  RAR7115: Unable to set ClientInfo for connection]]

[2019-06-13T22:47:28.105+0200] [glassfish 5.0] [INFO] [] [org.eclipse.persistence.session./file:/home/douglas/varvet/IN1010_Software/Servers/glassfish5/glassfish/domains/domain1/applications/varv/WEB-INF/classes/_ramsoPU.connection] [tid: _ThreadID=46 _ThreadName=admin-listener(5)] [timeMillis: 1560458848105] [levelValue: 800] [[
  /file:/home/douglas/varvet/IN1010_Software/Servers/glassfish5/glassfish/domains/domain1/applications/varv/WEB-INF/classes/_ramsoPU login successful]]

[2019-06-13T22:47:28.127+0200] [glassfish 5.0] [INFO] [jdbc.unable_to_get_client_info] [javax.enterprise.resource.resourceadapter.com.sun.gjc.spi] [tid: _ThreadID=46 _ThreadName=admin-listener(5)] [timeMillis: 1560458848127] [levelValue: 800] [[
  RAR7114: Unable to get ClientInfo for connection ]]

[2019-06-13T22:47:28.136+0200] [glassfish 5.0] [INFO] [jdbc.unable_to_set_client_info] [javax.enterprise.resource.resourceadapter.com.sun.gjc.spi] [tid: _ThreadID=46 _ThreadName=admin-listener(5)] [timeMillis: 1560458848136] [levelValue: 800] [[
  RAR7115: Unable to set ClientInfo for connection]]

[2019-06-13T22:47:28.137+0200] [glassfish 5.0] [INFO] [jdbc.unable_to_get_client_info] [javax.enterprise.resource.resourceadapter.com.sun.gjc.spi] [tid: _ThreadID=46 _ThreadName=admin-listener(5)] [timeMillis: 1560458848137] [levelValue: 800] [[
  RAR7114: Unable to get ClientInfo for connection ]]

[2019-06-13T22:47:28.137+0200] [glassfish 5.0] [INFO] [jdbc.unable_to_set_client_info] [javax.enterprise.resource.resourceadapter.com.sun.gjc.spi] [tid: _ThreadID=46 _ThreadName=admin-listener(5)] [timeMillis: 1560458848137] [levelValue: 800] [[
  RAR7115: Unable to set ClientInfo for connection]]

[2019-06-13T22:47:28.138+0200] [glassfish 5.0] [INFO] [jdbc.unable_to_get_client_info] [javax.enterprise.resource.resourceadapter.com.sun.gjc.spi] [tid: _ThreadID=46 _ThreadName=admin-listener(5)] [timeMillis: 1560458848138] [levelValue: 800] [[
  RAR7114: Unable to get ClientInfo for connection ]]

[2019-06-13T22:47:28.139+0200] [glassfish 5.0] [INFO] [jdbc.unable_to_set_client_info] [javax.enterprise.resource.resourceadapter.com.sun.gjc.spi] [tid: _ThreadID=46 _ThreadName=admin-listener(5)] [timeMillis: 1560458848139] [levelValue: 800] [[
  RAR7115: Unable to set ClientInfo for connection]]

[2019-06-13T22:47:28.139+0200] [glassfish 5.0] [INFO] [jdbc.unable_to_get_client_info] [javax.enterprise.resource.resourceadapter.com.sun.gjc.spi] [tid: _ThreadID=46 _ThreadName=admin-listener(5)] [timeMillis: 1560458848139] [levelValue: 800] [[
  RAR7114: Unable to get ClientInfo for connection ]]

[2019-06-13T22:47:28.140+0200] [glassfish 5.0] [INFO] [jdbc.unable_to_set_client_info] [javax.enterprise.resource.resourceadapter.com.sun.gjc.spi] [tid: _ThreadID=46 _ThreadName=admin-listener(5)] [timeMillis: 1560458848140] [levelValue: 800] [[
  RAR7115: Unable to set ClientInfo for connection]]

[2019-06-13T22:47:28.140+0200] [glassfish 5.0] [INFO] [jdbc.unable_to_get_client_info] [javax.enterprise.resource.resourceadapter.com.sun.gjc.spi] [tid: _ThreadID=46 _ThreadName=admin-listener(5)] [timeMillis: 1560458848140] [levelValue: 800] [[
  RAR7114: Unable to get ClientInfo for connection ]]

[2019-06-13T22:47:28.141+0200] [glassfish 5.0] [INFO] [jdbc.unable_to_set_client_info] [javax.enterprise.resource.resourceadapter.com.sun.gjc.spi] [tid: _ThreadID=46 _ThreadName=admin-listener(5)] [timeMillis: 1560458848141] [levelValue: 800] [[
  RAR7115: Unable to set ClientInfo for connection]]

[2019-06-13T22:47:28.142+0200] [glassfish 5.0] [INFO] [jdbc.unable_to_get_client_info] [javax.enterprise.resource.resourceadapter.com.sun.gjc.spi] [tid: _ThreadID=46 _ThreadName=admin-listener(5)] [timeMillis: 1560458848142] [levelValue: 800] [[
  RAR7114: Unable to get ClientInfo for connection ]]

[2019-06-13T22:47:28.142+0200] [glassfish 5.0] [INFO] [jdbc.unable_to_set_client_info] [javax.enterprise.resource.resourceadapter.com.sun.gjc.spi] [tid: _ThreadID=46 _ThreadName=admin-listener(5)] [timeMillis: 1560458848142] [levelValue: 800] [[
  RAR7115: Unable to set ClientInfo for connection]]

[2019-06-13T22:47:28.143+0200] [glassfish 5.0] [INFO] [jdbc.unable_to_get_client_info] [javax.enterprise.resource.resourceadapter.com.sun.gjc.spi] [tid: _ThreadID=46 _ThreadName=admin-listener(5)] [timeMillis: 1560458848143] [levelValue: 800] [[
  RAR7114: Unable to get ClientInfo for connection ]]

[2019-06-13T22:47:28.144+0200] [glassfish 5.0] [INFO] [jdbc.unable_to_set_client_info] [javax.enterprise.resource.resourceadapter.com.sun.gjc.spi] [tid: _ThreadID=46 _ThreadName=admin-listener(5)] [timeMillis: 1560458848144] [levelValue: 800] [[
  RAR7115: Unable to set ClientInfo for connection]]

[2019-06-13T22:47:28.175+0200] [glassfish 5.0] [INFO] [AS-EJB-00054] [javax.enterprise.ejb.container] [tid: _ThreadID=46 _ThreadName=admin-listener(5)] [timeMillis: 1560458848175] [levelValue: 800] [[
  Portable JNDI names for EJB AccountDAO: [java:global/varv/AccountDAO, java:global/varv/AccountDAO!uk.ac.city.douglas.varv.Account.dao.AccountDAOInterface]]]

[2019-06-13T22:47:28.200+0200] [glassfish 5.0] [INFO] [AS-EJB-00054] [javax.enterprise.ejb.container] [tid: _ThreadID=46 _ThreadName=admin-listener(5)] [timeMillis: 1560458848200] [levelValue: 800] [[
  Portable JNDI names for EJB JobDAO: [java:global/varv/JobDAO, java:global/varv/JobDAO!uk.ac.city.douglas.varv.Job.dao.JobDAOInterface]]]

[2019-06-13T22:47:28.207+0200] [glassfish 5.0] [INFO] [AS-EJB-00054] [javax.enterprise.ejb.container] [tid: _ThreadID=46 _ThreadName=admin-listener(5)] [timeMillis: 1560458848207] [levelValue: 800] [[
  Portable JNDI names for EJB BoatDAO: [java:global/varv/BoatDAO!uk.ac.city.douglas.varv.Boat.dao.BoatDAOInterface, java:global/varv/BoatDAO]]]

[2019-06-13T22:47:28.214+0200] [glassfish 5.0] [INFO] [AS-EJB-00054] [javax.enterprise.ejb.container] [tid: _ThreadID=46 _ThreadName=admin-listener(5)] [timeMillis: 1560458848214] [levelValue: 800] [[
  Portable JNDI names for EJB StockDAO: [java:global/varv/StockDAO!uk.ac.city.douglas.varv.Stock.dao.StockDAOInterface, java:global/varv/StockDAO]]]

[2019-06-13T22:47:28.312+0200] [glassfish 5.0] [INFO] [] [org.jboss.weld.Event] [tid: _ThreadID=46 _ThreadName=admin-listener(5)] [timeMillis: 1560458848312] [levelValue: 800] [[
  WELD-000411: Observer method [BackedAnnotatedMethod] private org.glassfish.jersey.ext.cdi1x.internal.CdiComponentProvider.processAnnotatedType(@Observes ProcessAnnotatedType) receives events for all annotated types. Consider restricting events using @WithAnnotations or a generic type with bounds.]]

[2019-06-13T22:47:28.335+0200] [glassfish 5.0] [INFO] [] [org.jboss.weld.Event] [tid: _ThreadID=46 _ThreadName=admin-listener(5)] [timeMillis: 1560458848335] [levelValue: 800] [[
  WELD-000411: Observer method [BackedAnnotatedMethod] org.glassfish.sse.impl.ServerSentEventCdiExtension.processAnnotatedType(@Observes ProcessAnnotatedType<T>, BeanManager) receives events for all annotated types. Consider restricting events using @WithAnnotations or a generic type with bounds.]]

[2019-06-13T22:47:28.342+0200] [glassfish 5.0] [WARN] [] [org.jboss.weld.Bootstrap] [tid: _ThreadID=46 _ThreadName=admin-listener(5)] [timeMillis: 1560458848342] [levelValue: 900] [[
  WELD-000146: BeforeBeanDiscovery.addAnnotatedType(AnnotatedType<?>) used for class org.glassfish.jersey.ext.cdi1x.internal.CdiComponentProvider$JaxRsParamProducer is deprecated from CDI 1.1!]]

[2019-06-13T22:47:28.347+0200] [glassfish 5.0] [WARN] [] [org.jboss.weld.Bootstrap] [tid: _ThreadID=46 _ThreadName=admin-listener(5)] [timeMillis: 1560458848347] [levelValue: 900] [[
  WELD-000146: BeforeBeanDiscovery.addAnnotatedType(AnnotatedType<?>) used for class org.glassfish.cdi.transaction.TransactionalInterceptorMandatory is deprecated from CDI 1.1!]]

[2019-06-13T22:47:28.349+0200] [glassfish 5.0] [WARN] [] [org.jboss.weld.Bootstrap] [tid: _ThreadID=46 _ThreadName=admin-listener(5)] [timeMillis: 1560458848349] [levelValue: 900] [[
  WELD-000146: BeforeBeanDiscovery.addAnnotatedType(AnnotatedType<?>) used for class org.glassfish.cdi.transaction.TransactionalInterceptorNever is deprecated from CDI 1.1!]]

[2019-06-13T22:47:28.351+0200] [glassfish 5.0] [WARN] [] [org.jboss.weld.Bootstrap] [tid: _ThreadID=46 _ThreadName=admin-listener(5)] [timeMillis: 1560458848351] [levelValue: 900] [[
  WELD-000146: BeforeBeanDiscovery.addAnnotatedType(AnnotatedType<?>) used for class org.glassfish.cdi.transaction.TransactionalInterceptorNotSupported is deprecated from CDI 1.1!]]

[2019-06-13T22:47:28.352+0200] [glassfish 5.0] [WARN] [] [org.jboss.weld.Bootstrap] [tid: _ThreadID=46 _ThreadName=admin-listener(5)] [timeMillis: 1560458848352] [levelValue: 900] [[
  WELD-000146: BeforeBeanDiscovery.addAnnotatedType(AnnotatedType<?>) used for class org.glassfish.cdi.transaction.TransactionalInterceptorRequired is deprecated from CDI 1.1!]]

[2019-06-13T22:47:28.353+0200] [glassfish 5.0] [WARN] [] [org.jboss.weld.Bootstrap] [tid: _ThreadID=46 _ThreadName=admin-listener(5)] [timeMillis: 1560458848353] [levelValue: 900] [[
  WELD-000146: BeforeBeanDiscovery.addAnnotatedType(AnnotatedType<?>) used for class org.glassfish.cdi.transaction.TransactionalInterceptorRequiresNew is deprecated from CDI 1.1!]]

[2019-06-13T22:47:28.354+0200] [glassfish 5.0] [WARN] [] [org.jboss.weld.Bootstrap] [tid: _ThreadID=46 _ThreadName=admin-listener(5)] [timeMillis: 1560458848354] [levelValue: 900] [[
  WELD-000146: BeforeBeanDiscovery.addAnnotatedType(AnnotatedType<?>) used for class org.glassfish.cdi.transaction.TransactionalInterceptorSupports is deprecated from CDI 1.1!]]

[2019-06-13T22:47:28.355+0200] [glassfish 5.0] [WARN] [] [org.jboss.weld.Bootstrap] [tid: _ThreadID=46 _ThreadName=admin-listener(5)] [timeMillis: 1560458848355] [levelValue: 900] [[
  WELD-000146: BeforeBeanDiscovery.addAnnotatedType(AnnotatedType<?>) used for class org.glassfish.jersey.ext.cdi1x.transaction.internal.WebAppExceptionHolder is deprecated from CDI 1.1!]]

[2019-06-13T22:47:28.356+0200] [glassfish 5.0] [WARN] [] [org.jboss.weld.Bootstrap] [tid: _ThreadID=46 _ThreadName=admin-listener(5)] [timeMillis: 1560458848356] [levelValue: 900] [[
  WELD-000146: BeforeBeanDiscovery.addAnnotatedType(AnnotatedType<?>) used for class org.glassfish.jersey.ext.cdi1x.transaction.internal.WebAppExceptionInterceptor is deprecated from CDI 1.1!]]

[2019-06-13T22:47:28.357+0200] [glassfish 5.0] [WARN] [] [org.jboss.weld.Bootstrap] [tid: _ThreadID=46 _ThreadName=admin-listener(5)] [timeMillis: 1560458848357] [levelValue: 900] [[
  WELD-000146: BeforeBeanDiscovery.addAnnotatedType(AnnotatedType<?>) used for class org.glassfish.jersey.ext.cdi1x.transaction.internal.TransactionalExceptionMapper is deprecated from CDI 1.1!]]

[2019-06-13T22:47:28.361+0200] [glassfish 5.0] [WARN] [] [org.jboss.weld.Bootstrap] [tid: _ThreadID=46 _ThreadName=admin-listener(5)] [timeMillis: 1560458848361] [levelValue: 900] [[
  WELD-000146: BeforeBeanDiscovery.addAnnotatedType(AnnotatedType<?>) used for class org.glassfish.jersey.ext.cdi1x.servlet.internal.CdiExternalRequestScope is deprecated from CDI 1.1!]]

[2019-06-13T22:47:28.371+0200] [glassfish 5.0] [WARN] [] [org.jboss.weld.Bootstrap] [tid: _ThreadID=46 _ThreadName=admin-listener(5)] [timeMillis: 1560458848371] [levelValue: 900] [[
  WELD-000146: BeforeBeanDiscovery.addAnnotatedType(AnnotatedType<?>) used for class com.sun.faces.flow.FlowDiscoveryCDIHelper is deprecated from CDI 1.1!]]

[2019-06-13T22:47:28.645+0200] [glassfish 5.0] [INFO] [] [org.glassfish.soteria.servlet.SamRegistrationInstaller] [tid: _ThreadID=46 _ThreadName=admin-listener(5)] [timeMillis: 1560458848645] [levelValue: 800] [[
  Initializing Soteria 1.0 for context '/varv']]

[2019-06-13T22:47:28.686+0200] [glassfish 5.0] [INFO] [AS-WEB-GLUE-00172] [javax.enterprise.web] [tid: _ThreadID=46 _ThreadName=admin-listener(5)] [timeMillis: 1560458848686] [levelValue: 800] [[
  Loading application [varv] at [/varv]]]

[2019-06-13T22:47:28.815+0200] [glassfish 5.0] [INFO] [] [javax.enterprise.system.core] [tid: _ThreadID=46 _ThreadName=admin-listener(5)] [timeMillis: 1560458848815] [levelValue: 800] [[
  varv was successfully deployed in 2,179 milliseconds.]]

[2019-06-13T22:47:34.578+0200] [glassfish 5.0] [INFO] [jdbc.unable_to_get_client_info] [javax.enterprise.resource.resourceadapter.com.sun.gjc.spi] [tid: _ThreadID=26 _ThreadName=http-listener-1(1)] [timeMillis: 1560458854578] [levelValue: 800] [[
  RAR7114: Unable to get ClientInfo for connection ]]

[2019-06-13T22:47:34.681+0200] [glassfish 5.0] [INFO] [jdbc.unable_to_set_client_info] [javax.enterprise.resource.resourceadapter.com.sun.gjc.spi] [tid: _ThreadID=26 _ThreadName=http-listener-1(1)] [timeMillis: 1560458854681] [levelValue: 800] [[
  RAR7115: Unable to set ClientInfo for connection]]

[2019-06-13T22:48:40.123+0200] [glassfish 5.0] [INFO] [jdbc.unable_to_get_client_info] [javax.enterprise.resource.resourceadapter.com.sun.gjc.spi] [tid: _ThreadID=28 _ThreadName=http-listener-1(3)] [timeMillis: 1560458920123] [levelValue: 800] [[
  RAR7114: Unable to get ClientInfo for connection ]]

[2019-06-13T22:48:40.125+0200] [glassfish 5.0] [INFO] [jdbc.unable_to_set_client_info] [javax.enterprise.resource.resourceadapter.com.sun.gjc.spi] [tid: _ThreadID=28 _ThreadName=http-listener-1(3)] [timeMillis: 1560458920125] [levelValue: 800] [[
  RAR7115: Unable to set ClientInfo for connection]]

[2019-06-13T22:48:40.128+0200] [glassfish 5.0] [INFO] [jdbc.unable_to_get_client_info] [javax.enterprise.resource.resourceadapter.com.sun.gjc.spi] [tid: _ThreadID=28 _ThreadName=http-listener-1(3)] [timeMillis: 1560458920128] [levelValue: 800] [[
  RAR7114: Unable to get ClientInfo for connection ]]

[2019-06-13T22:48:40.129+0200] [glassfish 5.0] [INFO] [jdbc.unable_to_set_client_info] [javax.enterprise.resource.resourceadapter.com.sun.gjc.spi] [tid: _ThreadID=28 _ThreadName=http-listener-1(3)] [timeMillis: 1560458920129] [levelValue: 800] [[
  RAR7115: Unable to set ClientInfo for connection]]

[2019-06-13T22:48:40.131+0200] [glassfish 5.0] [INFO] [jdbc.unable_to_get_client_info] [javax.enterprise.resource.resourceadapter.com.sun.gjc.spi] [tid: _ThreadID=28 _ThreadName=http-listener-1(3)] [timeMillis: 1560458920131] [levelValue: 800] [[
  RAR7114: Unable to get ClientInfo for connection ]]

[2019-06-13T22:48:40.131+0200] [glassfish 5.0] [INFO] [jdbc.unable_to_set_client_info] [javax.enterprise.resource.resourceadapter.com.sun.gjc.spi] [tid: _ThreadID=28 _ThreadName=http-listener-1(3)] [timeMillis: 1560458920131] [levelValue: 800] [[
  RAR7115: Unable to set ClientInfo for connection]]

[2019-06-13T22:48:40.137+0200] [glassfish 5.0] [INFO] [jdbc.unable_to_get_client_info] [javax.enterprise.resource.resourceadapter.com.sun.gjc.spi] [tid: _ThreadID=28 _ThreadName=http-listener-1(3)] [timeMillis: 1560458920137] [levelValue: 800] [[
  RAR7114: Unable to get ClientInfo for connection ]]

[2019-06-13T22:48:40.138+0200] [glassfish 5.0] [INFO] [jdbc.unable_to_set_client_info] [javax.enterprise.resource.resourceadapter.com.sun.gjc.spi] [tid: _ThreadID=28 _ThreadName=http-listener-1(3)] [timeMillis: 1560458920138] [levelValue: 800] [[
  RAR7115: Unable to set ClientInfo for connection]]

[2019-06-13T22:48:40.374+0200] [glassfish 5.0] [INFO] [] [] [tid: _ThreadID=28 _ThreadName=Thread-8] [timeMillis: 1560458920374] [levelValue: 800] [[
  BoatVariant{CustID=51, boatId=28290, year=222, description='kommentar', boat=Boat{boatId=28290, brand='TERHI', model='406 ABSIA', mainCatagory='Motorbåt', subCatagory='Motorbåt - övrig', length='405', width='168', weight='145', depth='0', heightOverWater='NULL', lengthWater='NULL', engineMinHp='10', engineMaxHp='15', peopleOnBoard='0', yearFrom='1999', yearTo='2015', description='null'}, customer=Customer{customerID=51, firstName='Douglas', lastName='Landvik', tel='+46705707499', email='douglas.landvik@gmail.com', discountPlan='asd', town='Stockholm', street='karlavaegen 66', postCode='11459', identifier='asdas'}}]]

[2019-06-13T22:48:40.374+0200] [glassfish 5.0] [INFO] [] [] [tid: _ThreadID=28 _ThreadName=Thread-8] [timeMillis: 1560458920374] [levelValue: 800] [[
  BoatVariant{CustID=51, boatId=28284, year=2018, description='kommentar', boat=Boat{boatId=28284, brand='3/4/2018 12:00:00 AM', model='TONNER DB 1', mainCatagory='Övrigt', subCatagory='Övriga båtar', length='1010', width='340', weight='3300', depth='189', heightOverWater='NULL', lengthWater='NULL', engineMinHp='0', engineMaxHp='0', peopleOnBoard='0', yearFrom='1981', yearTo='0', description='null'}, customer=Customer{customerID=51, firstName='Douglas', lastName='Landvik', tel='+46705707499', email='douglas.landvik@gmail.com', discountPlan='asd', town='Stockholm', street='karlavaegen 66', postCode='11459', identifier='asdas'}}]]

